[00:08:41] [User Authenticator #82/INFO]: UUID of player BustaBlockJC is 8f828862-0c6c-4395-bb1e-284df8497dc5
[00:08:41] [Server thread/INFO]: BustaBlockJC[/101.164.235.109:49451] logged in with entity id 527896 at (1457.8878692306305, 64.0, 1312.4025264172583)
[00:08:41] [Server thread/INFO]: BustaBlockJC joined the game
[00:14:29] [Server thread/WARN]: Can't keep up! Is the server overloaded? Running 3251ms or 65 ticks behind
[00:17:23] [Server thread/WARN]: Horse moved wrongly!
[00:17:35] [Server thread/WARN]: Horse moved wrongly!
[00:17:58] [Server thread/WARN]: Horse moved wrongly!
[00:18:10] [Server thread/WARN]: Horse moved wrongly!
[00:18:18] [Server thread/WARN]: Horse moved wrongly!
[00:19:32] [Server thread/WARN]: Can't keep up! Is the server overloaded? Running 2337ms or 46 ticks behind
[00:19:45] [Server thread/WARN]: Horse moved wrongly!
[00:20:22] [Server thread/WARN]: Horse moved wrongly!
[00:20:22] [Server thread/WARN]: Horse moved wrongly!
[00:20:22] [Server thread/WARN]: Horse moved wrongly!
[00:20:22] [Server thread/WARN]: Horse moved wrongly!
[00:20:22] [Server thread/WARN]: Horse moved wrongly!
[00:20:22] [Server thread/WARN]: Horse moved wrongly!
[00:20:22] [Server thread/WARN]: Horse moved wrongly!
[00:24:34] [Server thread/WARN]: Can't keep up! Is the server overloaded? Running 2275ms or 45 ticks behind
[00:27:53] [Server thread/INFO]: BustaBlockJC lost connection: Disconnected
[00:27:53] [Server thread/INFO]: BustaBlockJC left the game
[03:46:49] [Server thread/INFO]: Stopping the server
[03:46:49] [Server thread/INFO]: Stopping server
[03:46:49] [Server thread/INFO]: Saving players
[03:46:49] [Server thread/INFO]: Saving worlds
[03:46:49] [Server thread/INFO]: Saving chunks for level 'world'/minecraft:the_end
[03:46:49] [Server thread/INFO]: ThreadedAnvilChunkStorage (DIM1): All chunks are saved
[03:46:49] [Server thread/INFO]: Saving chunks for level 'world'/minecraft:the_nether
[03:46:49] [Server thread/INFO]: ThreadedAnvilChunkStorage (DIM-1): All chunks are saved
[03:46:49] [Server thread/INFO]: Saving chunks for level 'world'/minecraft:overworld
[03:46:49] [Server thread/INFO]: ThreadedAnvilChunkStorage (world): All chunks are saved
[03:46:49] [Server thread/INFO]: ThreadedAnvilChunkStorage (DIM1): All chunks are saved
[03:46:49] [Server thread/INFO]: ThreadedAnvilChunkStorage (DIM-1): All chunks are saved
[03:46:49] [Server thread/INFO]: ThreadedAnvilChunkStorage (world): All chunks are saved
